  Billboard.cpp
  Font.cpp
  GUIRenderer.cpp
C:\Users\ryanw\Documents\GitHub\Unrealistic-Engine-5\Game Engine\src\GUIRenderer.cpp(50,14): warning C4244: 'argument': conversion from 'int' to 'float', possible loss of data
C:\Users\ryanw\Documents\GitHub\Unrealistic-Engine-5\Game Engine\src\GUIRenderer.cpp(50,11): warning C4244: 'argument': conversion from 'int' to 'float', possible loss of data
C:\Users\ryanw\Documents\GitHub\Unrealistic-Engine-5\Game Engine\src\GUIRenderer.cpp(51,16): warning C4244: 'argument': conversion from 'int' to 'float', possible loss of data
C:\Users\ryanw\Documents\GitHub\Unrealistic-Engine-5\Game Engine\src\GUIRenderer.cpp(51,11): warning C4244: 'argument': conversion from 'int' to 'float', possible loss of data
C:\Users\ryanw\Documents\GitHub\Unrealistic-Engine-5\Game Engine\src\GUIRenderer.cpp(52,31): warning C4244: 'argument': conversion from 'int' to 'float', possible loss of data
C:\Users\ryanw\Documents\GitHub\Unrealistic-Engine-5\Game Engine\src\GUIRenderer.cpp(52,13): warning C4244: 'argument': conversion from 'int' to 'float', possible loss of data
C:\Users\ryanw\Documents\GitHub\Unrealistic-Engine-5\Game Engine\src\GUIRenderer.cpp(54,31): warning C4244: 'argument': conversion from 'int' to 'float', possible loss of data
C:\Users\ryanw\Documents\GitHub\Unrealistic-Engine-5\Game Engine\src\GUIRenderer.cpp(54,13): warning C4244: 'argument': conversion from 'int' to 'float', possible loss of data
C:\Users\ryanw\Documents\GitHub\Unrealistic-Engine-5\Game Engine\src\GUIRenderer.cpp(55,29): warning C4244: 'argument': conversion from 'int' to 'float', possible loss of data
C:\Users\ryanw\Documents\GitHub\Unrealistic-Engine-5\Game Engine\src\GUIRenderer.cpp(55,13): warning C4244: 'argument': conversion from 'int' to 'float', possible loss of data
C:\Users\ryanw\Documents\GitHub\Unrealistic-Engine-5\Game Engine\src\GUIRenderer.cpp(56,14): warning C4244: 'argument': conversion from 'int' to 'float', possible loss of data
C:\Users\ryanw\Documents\GitHub\Unrealistic-Engine-5\Game Engine\src\GUIRenderer.cpp(56,11): warning C4244: 'argument': conversion from 'int' to 'float', possible loss of data
  GameEngine.cpp
  Model.cpp
C:\Users\ryanw\Documents\GitHub\Unrealistic-Engine-5\Game Engine\src\Model.cpp(39,33): warning C4018: '<': signed/unsigned mismatch
C:\Users\ryanw\Documents\GitHub\Unrealistic-Engine-5\Game Engine\src\Model.cpp(42,34): warning C4018: '<': signed/unsigned mismatch
C:\Users\ryanw\Documents\GitHub\Unrealistic-Engine-5\Game Engine\src\Model.cpp(54,36): warning C4267: '=': conversion from 'size_t' to 'int', possible loss of data
  Texture.cpp
  main.cpp
  Generating code
  20 of 941 functions ( 2.1%) were compiled, the rest were copied from previous compilation.
    0 functions were new in current compilation
    5 functions had inline decision re-evaluated but remain unchanged
  Finished generating code
  Game Engine.vcxproj -> C:\Users\ryanw\Documents\GitHub\Unrealistic-Engine-5\Game Engine\bin\x64\Release\Game Engine.exe
